Program (1)
  ExtDefList (1)
    ExtDef (1)
      Specifier (1)
        StructSpecifier (1)
          STRUCT
          OptTag (1)
            ID: qwer
          LC
          DefList (2)
            Def (2)
              Specifier (2)
                TYPE: int
              DecList (2)
                Dec (2)
                  VarDec (2)
                    ID: a
                  ASSIGNOP
                  Exp (2)
                    INT: 5
              SEMI
          RC
      SEMI
    ExtDefList (5)
      ExtDef (5)
        Specifier (5)
          TYPE: int
        FunDec (5)
          ID: main
          LP
          RP
        CompSt (6)
          LC
          DefList (7)
            Def (7)
              Specifier (7)
                TYPE: int
              DecList (7)
                Dec (7)
                  VarDec (7)
                    ID: i
                  ASSIGNOP
                  Exp (7)
                    INT: 1
              SEMI
            DefList (8)
              Def (8)
                Specifier (8)
                  TYPE: int
                DecList (8)
                  Dec (8)
                    VarDec (8)
                      ID: j
                    ASSIGNOP
                    Exp (8)
                      ID: i
                SEMI
          RC
