Program (1)
  ExtDefList (1)
    ExtDef (1)
      Specifier (1)
        TYPE: int
      FunDec (1)
        ID: add
        LP
        RP
      CompSt (2)
        LC
        DefList (3)
          Def (3)
            Specifier (3)
              TYPE: int
            DecList (3)
              Dec (3)
                VarDec (3)
                  ID: a
              COMMA
              DecList (3)
                Dec (3)
                  VarDec (3)
                    ID: b
                COMMA
                DecList (3)
                  Dec (3)
                    VarDec (3)
                      ID: c
            SEMI
        StmtList (4)
          Stmt (4)
            Exp (4)
              Exp (4)
                ID: c
              ASSIGNOP
              Exp (4)
                Exp (4)
                  LP
                  Exp (4)
                    Exp (4)
                      ID: a
                    PLUS
                    Exp (4)
                      ID: b
                  RP
                MINUS
                Exp (4)
                  LP
                  Exp (4)
                    Exp (4)
                      Exp (4)
                        ID: c
                      STAR
                      Exp (4)
                        ID: d
                    DIV
                    Exp (4)
                      LP
                      Exp (4)
                        MINUS
                        Exp (4)
                          ID: a
                      RP
                  RP
            SEMI
          StmtList (5)
            Stmt (5)
              Exp (5)
                Exp (5)
                  ID: b
                ASSIGNOP
                Exp (5)
                  Exp (5)
                    ID: a
                  OR
                  Exp (5)
                    ID: c
              SEMI
            StmtList (6)
              Stmt (6)
                RETURN
                Exp (6)
                  ID: b
                SEMI
        RC
