Program (1)
  ExtDefList (1)
    ExtDef (1)
      Specifier (1)
        TYPE: int
      SEMI
    ExtDefList (2)
      ExtDef (2)
        Specifier (2)
          TYPE: int
        FunDec (2)
          ID: erd
          LP
          RP
        CompSt (3)
          LC
          DefList (4)
            Def (4)
              Specifier (4)
                TYPE: int
              DecList (4)
                Dec (4)
                  VarDec (4)
                    ID: a
              SEMI
          StmtList (5)
            Stmt (5)
              IF
              LP
              Exp (5)
                Exp (5)
                  ID: a
                RELOP
                Exp (5)
                  INT: 0
              RP
              Stmt (6)
                RETURN
                Exp (6)
                  INT: 1
                SEMI
              ELSE
              Stmt (8)
                RETURN
                Exp (8)
                  INT: 0
                SEMI
          RC
