Error type B at line 1: syntax error, unexpected DIV, expecting $end or TYPE or STRUCT.
Error type A at Line 3: Mysterious character '\'.
Error type A at Line 3: Mysterious character '\'.
Error type A at Line 3: Mysterious character '\'.
Error type A at Line 3: Mysterious character '\'.
Error type A at Line 3: Mysterious character '\'.
Error type A at Line 3: Mysterious character '\'.
Error type A at Line 3: Mysterious character '\'.
Error type A at Line 3: Mysterious character '\'.
Error type A at Line 3: Mysterious character '\'.
Error type A at Line 3: Mysterious character '\'.
Error type A at Line 3: Mysterious character '\'.
Error type A at Line 3: Mysterious character '\'.
Error type A at Line 3: Mysterious character '\'.
Error type A at Line 3: Mysterious character '\'.
Error type A at Line 3: Mysterious character '\'.
Error type A at Line 3: Mysterious character '\'.
Error type A at Line 3: Mysterious character '\'.
Error type A at Line 3: Mysterious character '\'.
Error type A at Line 3: Mysterious character '\'.
Error type A at Line 6: Mysterious character '%'.
Error type A at Line 6: Mysterious character '^'.
Error type A at Line 6: Mysterious character '@'.
Error type A at Line 6: Mysterious character '#'.
Error type A at Line 6: Mysterious character '~'.
Error type A at Line 6: Mysterious character '~'.
Error type A at Line 6: Mysterious character '~'.
Error type A at Line 10: Mysterious character '\'.
Error type A at Line 13: Mysterious character '\'.
Error type A at Line 13: Mysterious character '\'.
Error type A at Line 13: Mysterious character '\'.
Error type A at Line 14: Mysterious character '\'.
Error type A at Line 14: Mysterious character '\'.
Error type A at Line 18: Mysterious character '\'.
Error type A at Line 18: Mysterious character '\'.
Error type A at Line 22: Mysterious character '\'.
Error type A at Line 22: Mysterious character '\'.
Error type A at Line 22: Mysterious character '\'.
Error type A at Line 22: Mysterious character '\'.
Error type A at Line 22: Mysterious character '\'.
Error type A at Line 22: Mysterious character '\'.
Error type A at Line 22: Mysterious character '\'.
Error type A at Line 22: Mysterious character '\'.
Error type A at Line 22: Mysterious character '\'.
Error type A at Line 22: Mysterious character '\'.
Error type A at Line 23: Mysterious character '\'.
Error type A at Line 23: Mysterious character '\'.
Error type A at Line 23: Mysterious character '\'.
Error type A at Line 23: Mysterious character '\'.
Error type A at Line 23: Mysterious character '\'.
Error type A at Line 23: Mysterious character '\'.
