Error type B at line 1: syntax error, unexpected DIV, expecting $end or TYPE or STRUCT.
Error type A at Line 2: Mysterious character '@'.
Error type A at Line 12: Mysterious character '\'.
Error type A at Line 12: Mysterious character '\'.
Error type A at Line 12: Mysterious character '\'.
Error type A at Line 12: Mysterious character '\'.
Error type A at Line 12: Mysterious character '\'.
Error type A at Line 12: Mysterious character '\'.
Error type A at Line 12: Mysterious character '\'.
Error type A at Line 12: Mysterious character '\'.
Error type A at Line 12: Mysterious character '\'.
Error type A at Line 12: Mysterious character '\'.
Error type A at Line 12: Mysterious character '\'.
Error type A at Line 12: Mysterious character '~'.
Error type A at Line 12: Mysterious character '~'.
Error type A at Line 12: Mysterious character '\'.
Error type A at Line 12: Mysterious character '\'.
Error type A at Line 12: Mysterious character '\'.
Error type A at Line 12: Mysterious character '\'.
Error type A at Line 12: Mysterious character '\'.
Error type A at Line 12: Mysterious character '\'.
Error type A at Line 12: Mysterious character '\'.
Error type A at Line 17: Mysterious character '\'.
Error type A at Line 17: Mysterious character '\'.
Error type A at Line 17: Mysterious character '\'.
Error type A at Line 17: Mysterious character '\'.
Error type A at Line 17: Mysterious character '\'.
Error type A at Line 17: Mysterious character '\'.
Error type A at Line 17: Mysterious character '\'.
Error type A at Line 18: Mysterious character '\'.
Error type A at Line 18: Mysterious character '\'.
Error type A at Line 18: Mysterious character '\'.
Error type A at Line 18: Mysterious character '\'.
Error type A at Line 18: Mysterious character '\'.
Error type A at Line 18: Mysterious character '\'.
Error type A at Line 18: Mysterious character '\'.
Error type A at Line 18: Mysterious character '\'.
Error type A at Line 18: Mysterious character '''.
Error type A at Line 18: Mysterious character '''.
Error type A at Line 18: Mysterious character '''.
Error type A at Line 18: Mysterious character '''.
Error type A at Line 18: Mysterious character '''.
Error type A at Line 18: Mysterious character '''.
Error type A at Line 22: Mysterious character '?'.
