Error type B at line 1: syntax error, unexpected DIV, expecting $end or TYPE or STRUCT.
Error type A at Line 4: Mysterious character '\'.
Error type A at Line 4: Mysterious character '\'.
Error type A at Line 4: Mysterious character '\'.
Error type A at Line 4: Mysterious character '\'.
Error type A at Line 4: Mysterious character '\'.
Error type A at Line 4: Mysterious character '\'.
Error type A at Line 4: Mysterious character '@'.
Error type A at Line 4: Mysterious character '#'.
Error type A at Line 4: Mysterious character '$'.
Error type B at line 9: syntax error, unexpected ID, expecting $end or TYPE or STRUCT.
Error type A at Line 13: Mysterious character '\'.
Error type A at Line 13: Mysterious character '\'.
Error type A at Line 13: Mysterious character '\'.
Error type A at Line 13: Mysterious character '\'.
Error type A at Line 13: Mysterious character '\'.
Error type A at Line 16: Mysterious character '\'.
Error type A at Line 16: Mysterious character '\'.
Error type A at Line 16: Mysterious character '\'.
Error type A at Line 16: Mysterious character '\'.
Error type A at Line 16: Mysterious character '\'.
Error type A at Line 16: Mysterious character '\'.
Error type A at Line 16: Mysterious character '\'.
Error type A at Line 16: Mysterious character '\'.
Error type A at Line 16: Mysterious character '\'.
Error type A at Line 16: Mysterious character '\'.
Error type A at Line 21: Mysterious character '~'.
Error type A at Line 21: Mysterious character '?'.
Error type A at Line 21: Mysterious character '?'.
