语法

    0 $accept: Program $end

    1 Program: ExtDefList

    2 ExtDefList: %empty
    3           | ExtDef ExtDefList

    4 ExtDef: Specifier ExtDecList SEMI
    5       | Specifier SEMI
    6       | Specifier FunDec CompSt
    7       | Specifier ExtDecList error SEMI
    8       | Specifier error SEMI
    9       | Specifier FunDec SEMI

   10 ExtDecList: VarDec
   11           | VarDec COMMA ExtDecList
   12           | VarDec COMMA error ExtDecList

   13 Specifier: TYPE
   14          | StructSpecifier

   15 StructSpecifier: STRUCT OptTag LC DefList RC
   16                | STRUCT Tag
   17                | STRUCT OptTag LC error RC
   18                | STRUCT error LC DefList RC

   19 OptTag: %empty
   20       | ID

   21 Tag: ID

   22 VarDec: ID
   23       | VarDec LB INT RB
   24       | VarDec LB error RB

   25 FunDec: ID LP VarList RP
   26       | error LP VarList RP
   27       | ID LP error RP
   28       | ID LP RP

   29 VarList: ParamDec COMMA VarList
   30        | error COMMA VarList
   31        | ParamDec

   32 ParamDec: Specifier VarDec

   33 CompSt: LC DefList StmtList RC
   34       | LC DefList StmtList error RC

   35 StmtList: %empty
   36         | Stmt StmtList

   37 Stmt: Exp SEMI
   38     | Exp error
   39     | Exp error SEMI
   40     | CompSt
   41     | RETURN Exp SEMI
   42     | RETURN error SEMI
   43     | RETURN Exp error
   44     | IF LP Exp RP Stmt
   45     | IF LP error RP Stmt
   46     | IF LP Exp RP Stmt ELSE Stmt
   47     | IF LP error RP Stmt ELSE Stmt
   48     | WHILE LP Exp RP Stmt
   49     | WHILE LP error RP Stmt
   50     | WHILE LP Exp RP error
   51     | WHILE error RP Stmt
   52     | WHILE LP error Stmt

   53 DefList: %empty
   54        | Def DefList

   55 Def: Specifier DecList SEMI
   56    | Specifier DecList error SEMI

   57 DecList: Dec
   58        | Dec COMMA DecList
   59        | error COMMA DecList

   60 Dec: VarDec
   61    | VarDec ASSIGNOP Exp
   62    | VarDec ASSIGNOP error Exp

   63 Exp: Exp ASSIGNOP Exp
   64    | Exp ASSIGNOP error
   65    | Exp AND Exp
   66    | Exp AND error
   67    | Exp OR Exp
   68    | Exp OR error
   69    | Exp RELOP Exp
   70    | Exp RELOP error
   71    | Exp PLUS Exp
   72    | Exp PLUS error
   73    | Exp MINUS Exp
   74    | Exp MINUS error
   75    | Exp STAR Exp
   76    | Exp STAR error
   77    | Exp DIV Exp
   78    | Exp DIV error
   79    | LP Exp RP
   80    | LP error RP
   81    | MINUS Exp
   82    | MINUS error
   83    | NOT Exp
   84    | NOT error
   85    | ID LP Args RP
   86    | ID LP RP
   87    | Exp LB Exp RB
   88    | Exp DOT ID
   89    | ID
   90    | INT
   91    | FLOAT

   92 Args: Exp COMMA Args
   93     | Exp COMMA error Args
   94     | Exp


终结语词，附有它们出现处的规则

    $end (0) 0
    error (256) 7 8 12 17 18 24 26 27 30 34 38 39 42 43 45 47 49 50 51 52 56 59 62 64 66 68 70 72 74 76 78 80 82 84 93
    STRUCT (258) 15 16 17 18
    RETURN (259) 41 42 43
    IF (260) 44 45 46 47
    ELSE (261) 46 47
    WHILE (262) 48 49 50 51 52
    SEMI (263) 4 5 7 8 9 37 39 41 42 55 56
    COMMA (264) 11 12 29 30 58 59 92 93
    ASSIGNOP (265) 61 62 63 64
    PLUS (266) 71 72
    MINUS (267) 73 74 81 82
    STAR (268) 75 76
    DIV (269) 77 78
    AND (270) 65 66
    OR (271) 67 68
    NOT (272) 83 84
    LP (273) 25 26 27 28 44 45 46 47 48 49 50 52 79 80 85 86
    RP (274) 25 26 27 28 44 45 46 47 48 49 50 51 79 80 85 86
    LB (275) 23 24 87
    RB (276) 23 24 87
    LC (277) 15 17 18 33 34
    RC (278) 15 17 18 33 34
    TYPE (279) 13
    INT (280) 23 90
    FLOAT (281) 91
    ID (282) 20 21 22 25 27 28 85 86 88 89
    RELOP (283) 69 70
    DOT (284) 88
    NAGATE (285)
    LOWER_THAN_ELSE (286)


非终结语词，附有它们出现处的规则

    $accept (32)
        on left: 0
    Program (33)
        on left: 1
        on right: 0
    ExtDefList (34)
        on left: 2 3
        on right: 1 3
    ExtDef (35)
        on left: 4 5 6 7 8 9
        on right: 3
    ExtDecList (36)
        on left: 10 11 12
        on right: 4 7 11 12
    Specifier (37)
        on left: 13 14
        on right: 4 5 6 7 8 9 32 55 56
    StructSpecifier (38)
        on left: 15 16 17 18
        on right: 14
    OptTag (39)
        on left: 19 20
        on right: 15 17
    Tag (40)
        on left: 21
        on right: 16
    VarDec (41)
        on left: 22 23 24
        on right: 10 11 12 23 24 32 60 61 62
    FunDec (42)
        on left: 25 26 27 28
        on right: 6 9
    VarList (43)
        on left: 29 30 31
        on right: 25 26 29 30
    ParamDec (44)
        on left: 32
        on right: 29 31
    CompSt (45)
        on left: 33 34
        on right: 6 40
    StmtList (46)
        on left: 35 36
        on right: 33 34 36
    Stmt (47)
        on left: 37 38 39 40 41 42 43 44 45 46 47 48 49 50 51 52
        on right: 36 44 45 46 47 48 49 51 52
    DefList (48)
        on left: 53 54
        on right: 15 18 33 34 54
    Def (49)
        on left: 55 56
        on right: 54
    DecList (50)
        on left: 57 58 59
        on right: 55 56 58 59
    Dec (51)
        on left: 60 61 62
        on right: 57 58
    Exp (52)
        on left: 63 64 65 66 67 68 69 70 71 72 73 74 75 76 77 78 79 80 81 82 83 84 85 86 87 88 89 90 91
        on right: 37 38 39 41 43 44 46 48 50 61 62 63 64 65 66 67 68 69 70 71 72 73 74 75 76 77 78 79 81 83 87 88 92 93 94
    Args (53)
        on left: 92 93 94
        on right: 85 92 93


状态 0

    0 $accept: . Program $end

    STRUCT  偏移，并进入状态 1
    TYPE    偏移，并进入状态 2

    $default  使用规则 2 以归约 (ExtDefList)

    Program          转到状态 3
    ExtDefList       转到状态 4
    ExtDef           转到状态 5
    Specifier        转到状态 6
    StructSpecifier  转到状态 7


状态 1

   15 StructSpecifier: STRUCT . OptTag LC DefList RC
   16                | STRUCT . Tag
   17                | STRUCT . OptTag LC error RC
   18                | STRUCT . error LC DefList RC

    error  偏移，并进入状态 8
    ID     偏移，并进入状态 9

    LC  使用规则 19 以归约 (OptTag)

    OptTag  转到状态 10
    Tag     转到状态 11


状态 2

   13 Specifier: TYPE .

    $default  使用规则 13 以归约 (Specifier)


状态 3

    0 $accept: Program . $end

    $end  偏移，并进入状态 12


状态 4

    1 Program: ExtDefList .

    $default  使用规则 1 以归约 (Program)


状态 5

    3 ExtDefList: ExtDef . ExtDefList

    STRUCT  偏移，并进入状态 1
    TYPE    偏移，并进入状态 2

    $default  使用规则 2 以归约 (ExtDefList)

    ExtDefList       转到状态 13
    ExtDef           转到状态 5
    Specifier        转到状态 6
    StructSpecifier  转到状态 7


状态 6

    4 ExtDef: Specifier . ExtDecList SEMI
    5       | Specifier . SEMI
    6       | Specifier . FunDec CompSt
    7       | Specifier . ExtDecList error SEMI
    8       | Specifier . error SEMI
    9       | Specifier . FunDec SEMI

    error  偏移，并进入状态 14
    SEMI   偏移，并进入状态 15
    ID     偏移，并进入状态 16

    ExtDecList  转到状态 17
    VarDec      转到状态 18
    FunDec      转到状态 19


状态 7

   14 Specifier: StructSpecifier .

    $default  使用规则 14 以归约 (Specifier)


状态 8

   18 StructSpecifier: STRUCT error . LC DefList RC

    LC  偏移，并进入状态 20


状态 9

   20 OptTag: ID .
   21 Tag: ID .

    LC        使用规则 20 以归约 (OptTag)
    $default  使用规则 21 以归约 (Tag)


状态 10

   15 StructSpecifier: STRUCT OptTag . LC DefList RC
   17                | STRUCT OptTag . LC error RC

    LC  偏移，并进入状态 21


状态 11

   16 StructSpecifier: STRUCT Tag .

    $default  使用规则 16 以归约 (StructSpecifier)


状态 12

    0 $accept: Program $end .

    $default  接受


状态 13

    3 ExtDefList: ExtDef ExtDefList .

    $default  使用规则 3 以归约 (ExtDefList)


状态 14

    8 ExtDef: Specifier error . SEMI
   26 FunDec: error . LP VarList RP

    SEMI  偏移，并进入状态 22
    LP    偏移，并进入状态 23


状态 15

    5 ExtDef: Specifier SEMI .

    $default  使用规则 5 以归约 (ExtDef)


状态 16

   22 VarDec: ID .
   25 FunDec: ID . LP VarList RP
   27       | ID . LP error RP
   28       | ID . LP RP

    LP  偏移，并进入状态 24

    $default  使用规则 22 以归约 (VarDec)


状态 17

    4 ExtDef: Specifier ExtDecList . SEMI
    7       | Specifier ExtDecList . error SEMI

    error  偏移，并进入状态 25
    SEMI   偏移，并进入状态 26


状态 18

   10 ExtDecList: VarDec .
   11           | VarDec . COMMA ExtDecList
   12           | VarDec . COMMA error ExtDecList
   23 VarDec: VarDec . LB INT RB
   24       | VarDec . LB error RB

    COMMA  偏移，并进入状态 27
    LB     偏移，并进入状态 28

    $default  使用规则 10 以归约 (ExtDecList)


状态 19

    6 ExtDef: Specifier FunDec . CompSt
    9       | Specifier FunDec . SEMI

    SEMI  偏移，并进入状态 29
    LC    偏移，并进入状态 30

    CompSt  转到状态 31


状态 20

   18 StructSpecifier: STRUCT error LC . DefList RC

    STRUCT  偏移，并进入状态 1
    TYPE    偏移，并进入状态 2

    $default  使用规则 53 以归约 (DefList)

    Specifier        转到状态 32
    StructSpecifier  转到状态 7
    DefList          转到状态 33
    Def              转到状态 34


状态 21

   15 StructSpecifier: STRUCT OptTag LC . DefList RC
   17                | STRUCT OptTag LC . error RC

    error   偏移，并进入状态 35
    STRUCT  偏移，并进入状态 1
    TYPE    偏移，并进入状态 2

    RC  使用规则 53 以归约 (DefList)

    Specifier        转到状态 32
    StructSpecifier  转到状态 7
    DefList          转到状态 36
    Def              转到状态 34


状态 22

    8 ExtDef: Specifier error SEMI .

    $default  使用规则 8 以归约 (ExtDef)


状态 23

   26 FunDec: error LP . VarList RP

    error   偏移，并进入状态 37
    STRUCT  偏移，并进入状态 1
    TYPE    偏移，并进入状态 2

    Specifier        转到状态 38
    StructSpecifier  转到状态 7
    VarList          转到状态 39
    ParamDec         转到状态 40


状态 24

   25 FunDec: ID LP . VarList RP
   27       | ID LP . error RP
   28       | ID LP . RP

    error   偏移，并进入状态 41
    STRUCT  偏移，并进入状态 1
    RP      偏移，并进入状态 42
    TYPE    偏移，并进入状态 2

    Specifier        转到状态 38
    StructSpecifier  转到状态 7
    VarList          转到状态 43
    ParamDec         转到状态 40


状态 25

    7 ExtDef: Specifier ExtDecList error . SEMI

    SEMI  偏移，并进入状态 44


状态 26

    4 ExtDef: Specifier ExtDecList SEMI .

    $default  使用规则 4 以归约 (ExtDef)


状态 27

   11 ExtDecList: VarDec COMMA . ExtDecList
   12           | VarDec COMMA . error ExtDecList

    error  偏移，并进入状态 45
    ID     偏移，并进入状态 46

    ExtDecList  转到状态 47
    VarDec      转到状态 18


状态 28

   23 VarDec: VarDec LB . INT RB
   24       | VarDec LB . error RB

    error  偏移，并进入状态 48
    INT    偏移，并进入状态 49


状态 29

    9 ExtDef: Specifier FunDec SEMI .

    $default  使用规则 9 以归约 (ExtDef)


状态 30

   33 CompSt: LC . DefList StmtList RC
   34       | LC . DefList StmtList error RC

    STRUCT  偏移，并进入状态 1
    TYPE    偏移，并进入状态 2

    $default  使用规则 53 以归约 (DefList)

    Specifier        转到状态 32
    StructSpecifier  转到状态 7
    DefList          转到状态 50
    Def              转到状态 34


状态 31

    6 ExtDef: Specifier FunDec CompSt .

    $default  使用规则 6 以归约 (ExtDef)


状态 32

   55 Def: Specifier . DecList SEMI
   56    | Specifier . DecList error SEMI

    error  偏移，并进入状态 51
    ID     偏移，并进入状态 46

    VarDec   转到状态 52
    DecList  转到状态 53
    Dec      转到状态 54


状态 33

   18 StructSpecifier: STRUCT error LC DefList . RC

    RC  偏移，并进入状态 55


状态 34

   54 DefList: Def . DefList

    STRUCT  偏移，并进入状态 1
    TYPE    偏移，并进入状态 2

    $default  使用规则 53 以归约 (DefList)

    Specifier        转到状态 32
    StructSpecifier  转到状态 7
    DefList          转到状态 56
    Def              转到状态 34


状态 35

   17 StructSpecifier: STRUCT OptTag LC error . RC

    RC  偏移，并进入状态 57


状态 36

   15 StructSpecifier: STRUCT OptTag LC DefList . RC

    RC  偏移，并进入状态 58


状态 37

   30 VarList: error . COMMA VarList

    COMMA  偏移，并进入状态 59


状态 38

   32 ParamDec: Specifier . VarDec

    ID  偏移，并进入状态 46

    VarDec  转到状态 60


状态 39

   26 FunDec: error LP VarList . RP

    RP  偏移，并进入状态 61


状态 40

   29 VarList: ParamDec . COMMA VarList
   31        | ParamDec .

    COMMA  偏移，并进入状态 62

    $default  使用规则 31 以归约 (VarList)


状态 41

   27 FunDec: ID LP error . RP
   30 VarList: error . COMMA VarList

    COMMA  偏移，并进入状态 59
    RP     偏移，并进入状态 63


状态 42

   28 FunDec: ID LP RP .

    $default  使用规则 28 以归约 (FunDec)


状态 43

   25 FunDec: ID LP VarList . RP

    RP  偏移，并进入状态 64


状态 44

    7 ExtDef: Specifier ExtDecList error SEMI .

    $default  使用规则 7 以归约 (ExtDef)


状态 45

   12 ExtDecList: VarDec COMMA error . ExtDecList

    ID  偏移，并进入状态 46

    ExtDecList  转到状态 65
    VarDec      转到状态 18


状态 46

   22 VarDec: ID .

    $default  使用规则 22 以归约 (VarDec)


状态 47

   11 ExtDecList: VarDec COMMA ExtDecList .

    $default  使用规则 11 以归约 (ExtDecList)


状态 48

   24 VarDec: VarDec LB error . RB

    RB  偏移，并进入状态 66


状态 49

   23 VarDec: VarDec LB INT . RB

    RB  偏移，并进入状态 67


状态 50

   33 CompSt: LC DefList . StmtList RC
   34       | LC DefList . StmtList error RC

    RETURN  偏移，并进入状态 68
    IF      偏移，并进入状态 69
    WHILE   偏移，并进入状态 70
    MINUS   偏移，并进入状态 71
    NOT     偏移，并进入状态 72
    LP      偏移，并进入状态 73
    LC      偏移，并进入状态 30
    INT     偏移，并进入状态 74
    FLOAT   偏移，并进入状态 75
    ID      偏移，并进入状态 76

    $default  使用规则 35 以归约 (StmtList)

    CompSt    转到状态 77
    StmtList  转到状态 78
    Stmt      转到状态 79
    Exp       转到状态 80


状态 51

   59 DecList: error . COMMA DecList

    COMMA  偏移，并进入状态 81


状态 52

   23 VarDec: VarDec . LB INT RB
   24       | VarDec . LB error RB
   60 Dec: VarDec .
   61    | VarDec . ASSIGNOP Exp
   62    | VarDec . ASSIGNOP error Exp

    ASSIGNOP  偏移，并进入状态 82
    LB        偏移，并进入状态 28

    $default  使用规则 60 以归约 (Dec)


状态 53

   55 Def: Specifier DecList . SEMI
   56    | Specifier DecList . error SEMI

    error  偏移，并进入状态 83
    SEMI   偏移，并进入状态 84


状态 54

   57 DecList: Dec .
   58        | Dec . COMMA DecList

    COMMA  偏移，并进入状态 85

    $default  使用规则 57 以归约 (DecList)


状态 55

   18 StructSpecifier: STRUCT error LC DefList RC .

    $default  使用规则 18 以归约 (StructSpecifier)


状态 56

   54 DefList: Def DefList .

    $default  使用规则 54 以归约 (DefList)


状态 57

   17 StructSpecifier: STRUCT OptTag LC error RC .

    $default  使用规则 17 以归约 (StructSpecifier)


状态 58

   15 StructSpecifier: STRUCT OptTag LC DefList RC .

    $default  使用规则 15 以归约 (StructSpecifier)


状态 59

   30 VarList: error COMMA . VarList

    error   偏移，并进入状态 37
    STRUCT  偏移，并进入状态 1
    TYPE    偏移，并进入状态 2

    Specifier        转到状态 38
    StructSpecifier  转到状态 7
    VarList          转到状态 86
    ParamDec         转到状态 40


状态 60

   23 VarDec: VarDec . LB INT RB
   24       | VarDec . LB error RB
   32 ParamDec: Specifier VarDec .

    LB  偏移，并进入状态 28

    $default  使用规则 32 以归约 (ParamDec)


状态 61

   26 FunDec: error LP VarList RP .

    $default  使用规则 26 以归约 (FunDec)


状态 62

   29 VarList: ParamDec COMMA . VarList

    error   偏移，并进入状态 37
    STRUCT  偏移，并进入状态 1
    TYPE    偏移，并进入状态 2

    Specifier        转到状态 38
    StructSpecifier  转到状态 7
    VarList          转到状态 87
    ParamDec         转到状态 40


状态 63

   27 FunDec: ID LP error RP .

    $default  使用规则 27 以归约 (FunDec)


状态 64

   25 FunDec: ID LP VarList RP .

    $default  使用规则 25 以归约 (FunDec)


状态 65

   12 ExtDecList: VarDec COMMA error ExtDecList .

    $default  使用规则 12 以归约 (ExtDecList)


状态 66

   24 VarDec: VarDec LB error RB .

    $default  使用规则 24 以归约 (VarDec)


状态 67

   23 VarDec: VarDec LB INT RB .

    $default  使用规则 23 以归约 (VarDec)


状态 68

   41 Stmt: RETURN . Exp SEMI
   42     | RETURN . error SEMI
   43     | RETURN . Exp error

    error  偏移，并进入状态 88
    MINUS  偏移，并进入状态 71
    NOT    偏移，并进入状态 72
    LP     偏移，并进入状态 73
    INT    偏移，并进入状态 74
    FLOAT  偏移，并进入状态 75
    ID     偏移，并进入状态 76

    Exp  转到状态 89


状态 69

   44 Stmt: IF . LP Exp RP Stmt
   45     | IF . LP error RP Stmt
   46     | IF . LP Exp RP Stmt ELSE Stmt
   47     | IF . LP error RP Stmt ELSE Stmt

    LP  偏移，并进入状态 90


状态 70

   48 Stmt: WHILE . LP Exp RP Stmt
   49     | WHILE . LP error RP Stmt
   50     | WHILE . LP Exp RP error
   51     | WHILE . error RP Stmt
   52     | WHILE . LP error Stmt

    error  偏移，并进入状态 91
    LP     偏移，并进入状态 92


状态 71

   81 Exp: MINUS . Exp
   82    | MINUS . error

    error  偏移，并进入状态 93
    MINUS  偏移，并进入状态 71
    NOT    偏移，并进入状态 72
    LP     偏移，并进入状态 73
    INT    偏移，并进入状态 74
    FLOAT  偏移，并进入状态 75
    ID     偏移，并进入状态 76

    Exp  转到状态 94


状态 72

   83 Exp: NOT . Exp
   84    | NOT . error

    error  偏移，并进入状态 95
    MINUS  偏移，并进入状态 71
    NOT    偏移，并进入状态 72
    LP     偏移，并进入状态 73
    INT    偏移，并进入状态 74
    FLOAT  偏移，并进入状态 75
    ID     偏移，并进入状态 76

    Exp  转到状态 96


状态 73

   79 Exp: LP . Exp RP
   80    | LP . error RP

    error  偏移，并进入状态 97
    MINUS  偏移，并进入状态 71
    NOT    偏移，并进入状态 72
    LP     偏移，并进入状态 73
    INT    偏移，并进入状态 74
    FLOAT  偏移，并进入状态 75
    ID     偏移，并进入状态 76

    Exp  转到状态 98


状态 74

   90 Exp: INT .

    $default  使用规则 90 以归约 (Exp)


状态 75

   91 Exp: FLOAT .

    $default  使用规则 91 以归约 (Exp)


状态 76

   85 Exp: ID . LP Args RP
   86    | ID . LP RP
   89    | ID .

    LP  偏移，并进入状态 99

    $default  使用规则 89 以归约 (Exp)


状态 77

   40 Stmt: CompSt .

    $default  使用规则 40 以归约 (Stmt)


状态 78

   33 CompSt: LC DefList StmtList . RC
   34       | LC DefList StmtList . error RC

    error  偏移，并进入状态 100
    RC     偏移，并进入状态 101


状态 79

   36 StmtList: Stmt . StmtList

    RETURN  偏移，并进入状态 68
    IF      偏移，并进入状态 69
    WHILE   偏移，并进入状态 70
    MINUS   偏移，并进入状态 71
    NOT     偏移，并进入状态 72
    LP      偏移，并进入状态 73
    LC      偏移，并进入状态 30
    INT     偏移，并进入状态 74
    FLOAT   偏移，并进入状态 75
    ID      偏移，并进入状态 76

    $default  使用规则 35 以归约 (StmtList)

    CompSt    转到状态 77
    StmtList  转到状态 102
    Stmt      转到状态 79
    Exp       转到状态 80


状态 80

   37 Stmt: Exp . SEMI
   38     | Exp . error
   39     | Exp . error SEMI
   63 Exp: Exp . ASSIGNOP Exp
   64    | Exp . ASSIGNOP error
   65    | Exp . AND Exp
   66    | Exp . AND error
   67    | Exp . OR Exp
   68    | Exp . OR error
   69    | Exp . RELOP Exp
   70    | Exp . RELOP error
   71    | Exp . PLUS Exp
   72    | Exp . PLUS error
   73    | Exp . MINUS Exp
   74    | Exp . MINUS error
   75    | Exp . STAR Exp
   76    | Exp . STAR error
   77    | Exp . DIV Exp
   78    | Exp . DIV error
   87    | Exp . LB Exp RB
   88    | Exp . DOT ID

    error     偏移，并进入状态 103
    SEMI      偏移，并进入状态 104
    ASSIGNOP  偏移，并进入状态 105
    PLUS      偏移，并进入状态 106
    MINUS     偏移，并进入状态 107
    STAR      偏移，并进入状态 108
    DIV       偏移，并进入状态 109
    AND       偏移，并进入状态 110
    OR        偏移，并进入状态 111
    LB        偏移，并进入状态 112
    RELOP     偏移，并进入状态 113
    DOT       偏移，并进入状态 114


状态 81

   59 DecList: error COMMA . DecList

    error  偏移，并进入状态 51
    ID     偏移，并进入状态 46

    VarDec   转到状态 52
    DecList  转到状态 115
    Dec      转到状态 54


状态 82

   61 Dec: VarDec ASSIGNOP . Exp
   62    | VarDec ASSIGNOP . error Exp

    error  偏移，并进入状态 116
    MINUS  偏移，并进入状态 71
    NOT    偏移，并进入状态 72
    LP     偏移，并进入状态 73
    INT    偏移，并进入状态 74
    FLOAT  偏移，并进入状态 75
    ID     偏移，并进入状态 76

    Exp  转到状态 117


状态 83

   56 Def: Specifier DecList error . SEMI

    SEMI  偏移，并进入状态 118


状态 84

   55 Def: Specifier DecList SEMI .

    $default  使用规则 55 以归约 (Def)


状态 85

   58 DecList: Dec COMMA . DecList

    error  偏移，并进入状态 51
    ID     偏移，并进入状态 46

    VarDec   转到状态 52
    DecList  转到状态 119
    Dec      转到状态 54


状态 86

   30 VarList: error COMMA VarList .

    $default  使用规则 30 以归约 (VarList)


状态 87

   29 VarList: ParamDec COMMA VarList .

    $default  使用规则 29 以归约 (VarList)


状态 88

   42 Stmt: RETURN error . SEMI

    SEMI  偏移，并进入状态 120


状态 89

   41 Stmt: RETURN Exp . SEMI
   43     | RETURN Exp . error
   63 Exp: Exp . ASSIGNOP Exp
   64    | Exp . ASSIGNOP error
   65    | Exp . AND Exp
   66    | Exp . AND error
   67    | Exp . OR Exp
   68    | Exp . OR error
   69    | Exp . RELOP Exp
   70    | Exp . RELOP error
   71    | Exp . PLUS Exp
   72    | Exp . PLUS error
   73    | Exp . MINUS Exp
   74    | Exp . MINUS error
   75    | Exp . STAR Exp
   76    | Exp . STAR error
   77    | Exp . DIV Exp
   78    | Exp . DIV error
   87    | Exp . LB Exp RB
   88    | Exp . DOT ID

    error     偏移，并进入状态 121
    SEMI      偏移，并进入状态 122
    ASSIGNOP  偏移，并进入状态 105
    PLUS      偏移，并进入状态 106
    MINUS     偏移，并进入状态 107
    STAR      偏移，并进入状态 108
    DIV       偏移，并进入状态 109
    AND       偏移，并进入状态 110
    OR        偏移，并进入状态 111
    LB        偏移，并进入状态 112
    RELOP     偏移，并进入状态 113
    DOT       偏移，并进入状态 114


状态 90

   44 Stmt: IF LP . Exp RP Stmt
   45     | IF LP . error RP Stmt
   46     | IF LP . Exp RP Stmt ELSE Stmt
   47     | IF LP . error RP Stmt ELSE Stmt

    error  偏移，并进入状态 123
    MINUS  偏移，并进入状态 71
    NOT    偏移，并进入状态 72
    LP     偏移，并进入状态 73
    INT    偏移，并进入状态 74
    FLOAT  偏移，并进入状态 75
    ID     偏移，并进入状态 76

    Exp  转到状态 124


状态 91

   51 Stmt: WHILE error . RP Stmt

    RP  偏移，并进入状态 125


状态 92

   48 Stmt: WHILE LP . Exp RP Stmt
   49     | WHILE LP . error RP Stmt
   50     | WHILE LP . Exp RP error
   52     | WHILE LP . error Stmt

    error  偏移，并进入状态 126
    MINUS  偏移，并进入状态 71
    NOT    偏移，并进入状态 72
    LP     偏移，并进入状态 73
    INT    偏移，并进入状态 74
    FLOAT  偏移，并进入状态 75
    ID     偏移，并进入状态 76

    Exp  转到状态 127


状态 93

   82 Exp: MINUS error .

    $default  使用规则 82 以归约 (Exp)


状态 94

   63 Exp: Exp . ASSIGNOP Exp
   64    | Exp . ASSIGNOP error
   65    | Exp . AND Exp
   66    | Exp . AND error
   67    | Exp . OR Exp
   68    | Exp . OR error
   69    | Exp . RELOP Exp
   70    | Exp . RELOP error
   71    | Exp . PLUS Exp
   72    | Exp . PLUS error
   73    | Exp . MINUS Exp
   74    | Exp . MINUS error
   75    | Exp . STAR Exp
   76    | Exp . STAR error
   77    | Exp . DIV Exp
   78    | Exp . DIV error
   81    | MINUS Exp .
   87    | Exp . LB Exp RB
   88    | Exp . DOT ID

    LB   偏移，并进入状态 112
    DOT  偏移，并进入状态 114

    $default  使用规则 81 以归约 (Exp)


状态 95

   84 Exp: NOT error .

    $default  使用规则 84 以归约 (Exp)


状态 96

   63 Exp: Exp . ASSIGNOP Exp
   64    | Exp . ASSIGNOP error
   65    | Exp . AND Exp
   66    | Exp . AND error
   67    | Exp . OR Exp
   68    | Exp . OR error
   69    | Exp . RELOP Exp
   70    | Exp . RELOP error
   71    | Exp . PLUS Exp
   72    | Exp . PLUS error
   73    | Exp . MINUS Exp
   74    | Exp . MINUS error
   75    | Exp . STAR Exp
   76    | Exp . STAR error
   77    | Exp . DIV Exp
   78    | Exp . DIV error
   83    | NOT Exp .
   87    | Exp . LB Exp RB
   88    | Exp . DOT ID

    LB   偏移，并进入状态 112
    DOT  偏移，并进入状态 114

    $default  使用规则 83 以归约 (Exp)


状态 97

   80 Exp: LP error . RP

    RP  偏移，并进入状态 128


状态 98

   63 Exp: Exp . ASSIGNOP Exp
   64    | Exp . ASSIGNOP error
   65    | Exp . AND Exp
   66    | Exp . AND error
   67    | Exp . OR Exp
   68    | Exp . OR error
   69    | Exp . RELOP Exp
   70    | Exp . RELOP error
   71    | Exp . PLUS Exp
   72    | Exp . PLUS error
   73    | Exp . MINUS Exp
   74    | Exp . MINUS error
   75    | Exp . STAR Exp
   76    | Exp . STAR error
   77    | Exp . DIV Exp
   78    | Exp . DIV error
   79    | LP Exp . RP
   87    | Exp . LB Exp RB
   88    | Exp . DOT ID

    ASSIGNOP  偏移，并进入状态 105
    PLUS      偏移，并进入状态 106
    MINUS     偏移，并进入状态 107
    STAR      偏移，并进入状态 108
    DIV       偏移，并进入状态 109
    AND       偏移，并进入状态 110
    OR        偏移，并进入状态 111
    RP        偏移，并进入状态 129
    LB        偏移，并进入状态 112
    RELOP     偏移，并进入状态 113
    DOT       偏移，并进入状态 114


状态 99

   85 Exp: ID LP . Args RP
   86    | ID LP . RP

    MINUS  偏移，并进入状态 71
    NOT    偏移，并进入状态 72
    LP     偏移，并进入状态 73
    RP     偏移，并进入状态 130
    INT    偏移，并进入状态 74
    FLOAT  偏移，并进入状态 75
    ID     偏移，并进入状态 76

    Exp   转到状态 131
    Args  转到状态 132


状态 100

   34 CompSt: LC DefList StmtList error . RC

    RC  偏移，并进入状态 133


状态 101

   33 CompSt: LC DefList StmtList RC .

    $default  使用规则 33 以归约 (CompSt)


状态 102

   36 StmtList: Stmt StmtList .

    $default  使用规则 36 以归约 (StmtList)


状态 103

   38 Stmt: Exp error .
   39     | Exp error . SEMI

    SEMI  偏移，并进入状态 134

    $default  使用规则 38 以归约 (Stmt)


状态 104

   37 Stmt: Exp SEMI .

    $default  使用规则 37 以归约 (Stmt)


状态 105

   63 Exp: Exp ASSIGNOP . Exp
   64    | Exp ASSIGNOP . error

    error  偏移，并进入状态 135
    MINUS  偏移，并进入状态 71
    NOT    偏移，并进入状态 72
    LP     偏移，并进入状态 73
    INT    偏移，并进入状态 74
    FLOAT  偏移，并进入状态 75
    ID     偏移，并进入状态 76

    Exp  转到状态 136


状态 106

   71 Exp: Exp PLUS . Exp
   72    | Exp PLUS . error

    error  偏移，并进入状态 137
    MINUS  偏移，并进入状态 71
    NOT    偏移，并进入状态 72
    LP     偏移，并进入状态 73
    INT    偏移，并进入状态 74
    FLOAT  偏移，并进入状态 75
    ID     偏移，并进入状态 76

    Exp  转到状态 138


状态 107

   73 Exp: Exp MINUS . Exp
   74    | Exp MINUS . error

    error  偏移，并进入状态 139
    MINUS  偏移，并进入状态 71
    NOT    偏移，并进入状态 72
    LP     偏移，并进入状态 73
    INT    偏移，并进入状态 74
    FLOAT  偏移，并进入状态 75
    ID     偏移，并进入状态 76

    Exp  转到状态 140


状态 108

   75 Exp: Exp STAR . Exp
   76    | Exp STAR . error

    error  偏移，并进入状态 141
    MINUS  偏移，并进入状态 71
    NOT    偏移，并进入状态 72
    LP     偏移，并进入状态 73
    INT    偏移，并进入状态 74
    FLOAT  偏移，并进入状态 75
    ID     偏移，并进入状态 76

    Exp  转到状态 142


状态 109

   77 Exp: Exp DIV . Exp
   78    | Exp DIV . error

    error  偏移，并进入状态 143
    MINUS  偏移，并进入状态 71
    NOT    偏移，并进入状态 72
    LP     偏移，并进入状态 73
    INT    偏移，并进入状态 74
    FLOAT  偏移，并进入状态 75
    ID     偏移，并进入状态 76

    Exp  转到状态 144


状态 110

   65 Exp: Exp AND . Exp
   66    | Exp AND . error

    error  偏移，并进入状态 145
    MINUS  偏移，并进入状态 71
    NOT    偏移，并进入状态 72
    LP     偏移，并进入状态 73
    INT    偏移，并进入状态 74
    FLOAT  偏移，并进入状态 75
    ID     偏移，并进入状态 76

    Exp  转到状态 146


状态 111

   67 Exp: Exp OR . Exp
   68    | Exp OR . error

    error  偏移，并进入状态 147
    MINUS  偏移，并进入状态 71
    NOT    偏移，并进入状态 72
    LP     偏移，并进入状态 73
    INT    偏移，并进入状态 74
    FLOAT  偏移，并进入状态 75
    ID     偏移，并进入状态 76

    Exp  转到状态 148


状态 112

   87 Exp: Exp LB . Exp RB

    MINUS  偏移，并进入状态 71
    NOT    偏移，并进入状态 72
    LP     偏移，并进入状态 73
    INT    偏移，并进入状态 74
    FLOAT  偏移，并进入状态 75
    ID     偏移，并进入状态 76

    Exp  转到状态 149


状态 113

   69 Exp: Exp RELOP . Exp
   70    | Exp RELOP . error

    error  偏移，并进入状态 150
    MINUS  偏移，并进入状态 71
    NOT    偏移，并进入状态 72
    LP     偏移，并进入状态 73
    INT    偏移，并进入状态 74
    FLOAT  偏移，并进入状态 75
    ID     偏移，并进入状态 76

    Exp  转到状态 151


状态 114

   88 Exp: Exp DOT . ID

    ID  偏移，并进入状态 152


状态 115

   59 DecList: error COMMA DecList .

    $default  使用规则 59 以归约 (DecList)


状态 116

   62 Dec: VarDec ASSIGNOP error . Exp

    MINUS  偏移，并进入状态 71
    NOT    偏移，并进入状态 72
    LP     偏移，并进入状态 73
    INT    偏移，并进入状态 74
    FLOAT  偏移，并进入状态 75
    ID     偏移，并进入状态 76

    Exp  转到状态 153


状态 117

   61 Dec: VarDec ASSIGNOP Exp .
   63 Exp: Exp . ASSIGNOP Exp
   64    | Exp . ASSIGNOP error
   65    | Exp . AND Exp
   66    | Exp . AND error
   67    | Exp . OR Exp
   68    | Exp . OR error
   69    | Exp . RELOP Exp
   70    | Exp . RELOP error
   71    | Exp . PLUS Exp
   72    | Exp . PLUS error
   73    | Exp . MINUS Exp
   74    | Exp . MINUS error
   75    | Exp . STAR Exp
   76    | Exp . STAR error
   77    | Exp . DIV Exp
   78    | Exp . DIV error
   87    | Exp . LB Exp RB
   88    | Exp . DOT ID

    ASSIGNOP  偏移，并进入状态 105
    PLUS      偏移，并进入状态 106
    MINUS     偏移，并进入状态 107
    STAR      偏移，并进入状态 108
    DIV       偏移，并进入状态 109
    AND       偏移，并进入状态 110
    OR        偏移，并进入状态 111
    LB        偏移，并进入状态 112
    RELOP     偏移，并进入状态 113
    DOT       偏移，并进入状态 114

    $default  使用规则 61 以归约 (Dec)


状态 118

   56 Def: Specifier DecList error SEMI .

    $default  使用规则 56 以归约 (Def)


状态 119

   58 DecList: Dec COMMA DecList .

    $default  使用规则 58 以归约 (DecList)


状态 120

   42 Stmt: RETURN error SEMI .

    $default  使用规则 42 以归约 (Stmt)


状态 121

   43 Stmt: RETURN Exp error .

    $default  使用规则 43 以归约 (Stmt)


状态 122

   41 Stmt: RETURN Exp SEMI .

    $default  使用规则 41 以归约 (Stmt)


状态 123

   45 Stmt: IF LP error . RP Stmt
   47     | IF LP error . RP Stmt ELSE Stmt

    RP  偏移，并进入状态 154


状态 124

   44 Stmt: IF LP Exp . RP Stmt
   46     | IF LP Exp . RP Stmt ELSE Stmt
   63 Exp: Exp . ASSIGNOP Exp
   64    | Exp . ASSIGNOP error
   65    | Exp . AND Exp
   66    | Exp . AND error
   67    | Exp . OR Exp
   68    | Exp . OR error
   69    | Exp . RELOP Exp
   70    | Exp . RELOP error
   71    | Exp . PLUS Exp
   72    | Exp . PLUS error
   73    | Exp . MINUS Exp
   74    | Exp . MINUS error
   75    | Exp . STAR Exp
   76    | Exp . STAR error
   77    | Exp . DIV Exp
   78    | Exp . DIV error
   87    | Exp . LB Exp RB
   88    | Exp . DOT ID

    ASSIGNOP  偏移，并进入状态 105
    PLUS      偏移，并进入状态 106
    MINUS     偏移，并进入状态 107
    STAR      偏移，并进入状态 108
    DIV       偏移，并进入状态 109
    AND       偏移，并进入状态 110
    OR        偏移，并进入状态 111
    RP        偏移，并进入状态 155
    LB        偏移，并进入状态 112
    RELOP     偏移，并进入状态 113
    DOT       偏移，并进入状态 114


状态 125

   51 Stmt: WHILE error RP . Stmt

    RETURN  偏移，并进入状态 68
    IF      偏移，并进入状态 69
    WHILE   偏移，并进入状态 70
    MINUS   偏移，并进入状态 71
    NOT     偏移，并进入状态 72
    LP      偏移，并进入状态 73
    LC      偏移，并进入状态 30
    INT     偏移，并进入状态 74
    FLOAT   偏移，并进入状态 75
    ID      偏移，并进入状态 76

    CompSt  转到状态 77
    Stmt    转到状态 156
    Exp     转到状态 80


状态 126

   49 Stmt: WHILE LP error . RP Stmt
   52     | WHILE LP error . Stmt

    RETURN  偏移，并进入状态 68
    IF      偏移，并进入状态 69
    WHILE   偏移，并进入状态 70
    MINUS   偏移，并进入状态 71
    NOT     偏移，并进入状态 72
    LP      偏移，并进入状态 73
    RP      偏移，并进入状态 157
    LC      偏移，并进入状态 30
    INT     偏移，并进入状态 74
    FLOAT   偏移，并进入状态 75
    ID      偏移，并进入状态 76

    CompSt  转到状态 77
    Stmt    转到状态 158
    Exp     转到状态 80


状态 127

   48 Stmt: WHILE LP Exp . RP Stmt
   50     | WHILE LP Exp . RP error
   63 Exp: Exp . ASSIGNOP Exp
   64    | Exp . ASSIGNOP error
   65    | Exp . AND Exp
   66    | Exp . AND error
   67    | Exp . OR Exp
   68    | Exp . OR error
   69    | Exp . RELOP Exp
   70    | Exp . RELOP error
   71    | Exp . PLUS Exp
   72    | Exp . PLUS error
   73    | Exp . MINUS Exp
   74    | Exp . MINUS error
   75    | Exp . STAR Exp
   76    | Exp . STAR error
   77    | Exp . DIV Exp
   78    | Exp . DIV error
   87    | Exp . LB Exp RB
   88    | Exp . DOT ID

    ASSIGNOP  偏移，并进入状态 105
    PLUS      偏移，并进入状态 106
    MINUS     偏移，并进入状态 107
    STAR      偏移，并进入状态 108
    DIV       偏移，并进入状态 109
    AND       偏移，并进入状态 110
    OR        偏移，并进入状态 111
    RP        偏移，并进入状态 159
    LB        偏移，并进入状态 112
    RELOP     偏移，并进入状态 113
    DOT       偏移，并进入状态 114


状态 128

   80 Exp: LP error RP .

    $default  使用规则 80 以归约 (Exp)


状态 129

   79 Exp: LP Exp RP .

    $default  使用规则 79 以归约 (Exp)


状态 130

   86 Exp: ID LP RP .

    $default  使用规则 86 以归约 (Exp)


状态 131

   63 Exp: Exp . ASSIGNOP Exp
   64    | Exp . ASSIGNOP error
   65    | Exp . AND Exp
   66    | Exp . AND error
   67    | Exp . OR Exp
   68    | Exp . OR error
   69    | Exp . RELOP Exp
   70    | Exp . RELOP error
   71    | Exp . PLUS Exp
   72    | Exp . PLUS error
   73    | Exp . MINUS Exp
   74    | Exp . MINUS error
   75    | Exp . STAR Exp
   76    | Exp . STAR error
   77    | Exp . DIV Exp
   78    | Exp . DIV error
   87    | Exp . LB Exp RB
   88    | Exp . DOT ID
   92 Args: Exp . COMMA Args
   93     | Exp . COMMA error Args
   94     | Exp .

    COMMA     偏移，并进入状态 160
    ASSIGNOP  偏移，并进入状态 105
    PLUS      偏移，并进入状态 106
    MINUS     偏移，并进入状态 107
    STAR      偏移，并进入状态 108
    DIV       偏移，并进入状态 109
    AND       偏移，并进入状态 110
    OR        偏移，并进入状态 111
    LB        偏移，并进入状态 112
    RELOP     偏移，并进入状态 113
    DOT       偏移，并进入状态 114

    $default  使用规则 94 以归约 (Args)


状态 132

   85 Exp: ID LP Args . RP

    RP  偏移，并进入状态 161


状态 133

   34 CompSt: LC DefList StmtList error RC .

    $default  使用规则 34 以归约 (CompSt)


状态 134

   39 Stmt: Exp error SEMI .

    $default  使用规则 39 以归约 (Stmt)


状态 135

   64 Exp: Exp ASSIGNOP error .

    $default  使用规则 64 以归约 (Exp)


状态 136

   63 Exp: Exp . ASSIGNOP Exp
   63    | Exp ASSIGNOP Exp .
   64    | Exp . ASSIGNOP error
   65    | Exp . AND Exp
   66    | Exp . AND error
   67    | Exp . OR Exp
   68    | Exp . OR error
   69    | Exp . RELOP Exp
   70    | Exp . RELOP error
   71    | Exp . PLUS Exp
   72    | Exp . PLUS error
   73    | Exp . MINUS Exp
   74    | Exp . MINUS error
   75    | Exp . STAR Exp
   76    | Exp . STAR error
   77    | Exp . DIV Exp
   78    | Exp . DIV error
   87    | Exp . LB Exp RB
   88    | Exp . DOT ID

    ASSIGNOP  偏移，并进入状态 105
    PLUS      偏移，并进入状态 106
    MINUS     偏移，并进入状态 107
    STAR      偏移，并进入状态 108
    DIV       偏移，并进入状态 109
    AND       偏移，并进入状态 110
    OR        偏移，并进入状态 111
    LB        偏移，并进入状态 112
    RELOP     偏移，并进入状态 113
    DOT       偏移，并进入状态 114

    $default  使用规则 63 以归约 (Exp)


状态 137

   72 Exp: Exp PLUS error .

    $default  使用规则 72 以归约 (Exp)


状态 138

   63 Exp: Exp . ASSIGNOP Exp
   64    | Exp . ASSIGNOP error
   65    | Exp . AND Exp
   66    | Exp . AND error
   67    | Exp . OR Exp
   68    | Exp . OR error
   69    | Exp . RELOP Exp
   70    | Exp . RELOP error
   71    | Exp . PLUS Exp
   71    | Exp PLUS Exp .
   72    | Exp . PLUS error
   73    | Exp . MINUS Exp
   74    | Exp . MINUS error
   75    | Exp . STAR Exp
   76    | Exp . STAR error
   77    | Exp . DIV Exp
   78    | Exp . DIV error
   87    | Exp . LB Exp RB
   88    | Exp . DOT ID

    STAR  偏移，并进入状态 108
    DIV   偏移，并进入状态 109
    LB    偏移，并进入状态 112
    DOT   偏移，并进入状态 114

    $default  使用规则 71 以归约 (Exp)


状态 139

   74 Exp: Exp MINUS error .

    $default  使用规则 74 以归约 (Exp)


状态 140

   63 Exp: Exp . ASSIGNOP Exp
   64    | Exp . ASSIGNOP error
   65    | Exp . AND Exp
   66    | Exp . AND error
   67    | Exp . OR Exp
   68    | Exp . OR error
   69    | Exp . RELOP Exp
   70    | Exp . RELOP error
   71    | Exp . PLUS Exp
   72    | Exp . PLUS error
   73    | Exp . MINUS Exp
   73    | Exp MINUS Exp .
   74    | Exp . MINUS error
   75    | Exp . STAR Exp
   76    | Exp . STAR error
   77    | Exp . DIV Exp
   78    | Exp . DIV error
   87    | Exp . LB Exp RB
   88    | Exp . DOT ID

    STAR  偏移，并进入状态 108
    DIV   偏移，并进入状态 109
    LB    偏移，并进入状态 112
    DOT   偏移，并进入状态 114

    $default  使用规则 73 以归约 (Exp)


状态 141

   76 Exp: Exp STAR error .

    $default  使用规则 76 以归约 (Exp)


状态 142

   63 Exp: Exp . ASSIGNOP Exp
   64    | Exp . ASSIGNOP error
   65    | Exp . AND Exp
   66    | Exp . AND error
   67    | Exp . OR Exp
   68    | Exp . OR error
   69    | Exp . RELOP Exp
   70    | Exp . RELOP error
   71    | Exp . PLUS Exp
   72    | Exp . PLUS error
   73    | Exp . MINUS Exp
   74    | Exp . MINUS error
   75    | Exp . STAR Exp
   75    | Exp STAR Exp .
   76    | Exp . STAR error
   77    | Exp . DIV Exp
   78    | Exp . DIV error
   87    | Exp . LB Exp RB
   88    | Exp . DOT ID

    LB   偏移，并进入状态 112
    DOT  偏移，并进入状态 114

    $default  使用规则 75 以归约 (Exp)


状态 143

   78 Exp: Exp DIV error .

    $default  使用规则 78 以归约 (Exp)


状态 144

   63 Exp: Exp . ASSIGNOP Exp
   64    | Exp . ASSIGNOP error
   65    | Exp . AND Exp
   66    | Exp . AND error
   67    | Exp . OR Exp
   68    | Exp . OR error
   69    | Exp . RELOP Exp
   70    | Exp . RELOP error
   71    | Exp . PLUS Exp
   72    | Exp . PLUS error
   73    | Exp . MINUS Exp
   74    | Exp . MINUS error
   75    | Exp . STAR Exp
   76    | Exp . STAR error
   77    | Exp . DIV Exp
   77    | Exp DIV Exp .
   78    | Exp . DIV error
   87    | Exp . LB Exp RB
   88    | Exp . DOT ID

    LB   偏移，并进入状态 112
    DOT  偏移，并进入状态 114

    $default  使用规则 77 以归约 (Exp)


状态 145

   66 Exp: Exp AND error .

    $default  使用规则 66 以归约 (Exp)


状态 146

   63 Exp: Exp . ASSIGNOP Exp
   64    | Exp . ASSIGNOP error
   65    | Exp . AND Exp
   65    | Exp AND Exp .
   66    | Exp . AND error
   67    | Exp . OR Exp
   68    | Exp . OR error
   69    | Exp . RELOP Exp
   70    | Exp . RELOP error
   71    | Exp . PLUS Exp
   72    | Exp . PLUS error
   73    | Exp . MINUS Exp
   74    | Exp . MINUS error
   75    | Exp . STAR Exp
   76    | Exp . STAR error
   77    | Exp . DIV Exp
   78    | Exp . DIV error
   87    | Exp . LB Exp RB
   88    | Exp . DOT ID

    PLUS   偏移，并进入状态 106
    MINUS  偏移，并进入状态 107
    STAR   偏移，并进入状态 108
    DIV    偏移，并进入状态 109
    LB     偏移，并进入状态 112
    RELOP  偏移，并进入状态 113
    DOT    偏移，并进入状态 114

    $default  使用规则 65 以归约 (Exp)


状态 147

   68 Exp: Exp OR error .

    $default  使用规则 68 以归约 (Exp)


状态 148

   63 Exp: Exp . ASSIGNOP Exp
   64    | Exp . ASSIGNOP error
   65    | Exp . AND Exp
   66    | Exp . AND error
   67    | Exp . OR Exp
   67    | Exp OR Exp .
   68    | Exp . OR error
   69    | Exp . RELOP Exp
   70    | Exp . RELOP error
   71    | Exp . PLUS Exp
   72    | Exp . PLUS error
   73    | Exp . MINUS Exp
   74    | Exp . MINUS error
   75    | Exp . STAR Exp
   76    | Exp . STAR error
   77    | Exp . DIV Exp
   78    | Exp . DIV error
   87    | Exp . LB Exp RB
   88    | Exp . DOT ID

    PLUS   偏移，并进入状态 106
    MINUS  偏移，并进入状态 107
    STAR   偏移，并进入状态 108
    DIV    偏移，并进入状态 109
    AND    偏移，并进入状态 110
    LB     偏移，并进入状态 112
    RELOP  偏移，并进入状态 113
    DOT    偏移，并进入状态 114

    $default  使用规则 67 以归约 (Exp)


状态 149

   63 Exp: Exp . ASSIGNOP Exp
   64    | Exp . ASSIGNOP error
   65    | Exp . AND Exp
   66    | Exp . AND error
   67    | Exp . OR Exp
   68    | Exp . OR error
   69    | Exp . RELOP Exp
   70    | Exp . RELOP error
   71    | Exp . PLUS Exp
   72    | Exp . PLUS error
   73    | Exp . MINUS Exp
   74    | Exp . MINUS error
   75    | Exp . STAR Exp
   76    | Exp . STAR error
   77    | Exp . DIV Exp
   78    | Exp . DIV error
   87    | Exp . LB Exp RB
   87    | Exp LB Exp . RB
   88    | Exp . DOT ID

    ASSIGNOP  偏移，并进入状态 105
    PLUS      偏移，并进入状态 106
    MINUS     偏移，并进入状态 107
    STAR      偏移，并进入状态 108
    DIV       偏移，并进入状态 109
    AND       偏移，并进入状态 110
    OR        偏移，并进入状态 111
    LB        偏移，并进入状态 112
    RB        偏移，并进入状态 162
    RELOP     偏移，并进入状态 113
    DOT       偏移，并进入状态 114


状态 150

   70 Exp: Exp RELOP error .

    $default  使用规则 70 以归约 (Exp)


状态 151

   63 Exp: Exp . ASSIGNOP Exp
   64    | Exp . ASSIGNOP error
   65    | Exp . AND Exp
   66    | Exp . AND error
   67    | Exp . OR Exp
   68    | Exp . OR error
   69    | Exp . RELOP Exp
   69    | Exp RELOP Exp .
   70    | Exp . RELOP error
   71    | Exp . PLUS Exp
   72    | Exp . PLUS error
   73    | Exp . MINUS Exp
   74    | Exp . MINUS error
   75    | Exp . STAR Exp
   76    | Exp . STAR error
   77    | Exp . DIV Exp
   78    | Exp . DIV error
   87    | Exp . LB Exp RB
   88    | Exp . DOT ID

    PLUS   偏移，并进入状态 106
    MINUS  偏移，并进入状态 107
    STAR   偏移，并进入状态 108
    DIV    偏移，并进入状态 109
    LB     偏移，并进入状态 112
    DOT    偏移，并进入状态 114

    $default  使用规则 69 以归约 (Exp)


状态 152

   88 Exp: Exp DOT ID .

    $default  使用规则 88 以归约 (Exp)


状态 153

   62 Dec: VarDec ASSIGNOP error Exp .
   63 Exp: Exp . ASSIGNOP Exp
   64    | Exp . ASSIGNOP error
   65    | Exp . AND Exp
   66    | Exp . AND error
   67    | Exp . OR Exp
   68    | Exp . OR error
   69    | Exp . RELOP Exp
   70    | Exp . RELOP error
   71    | Exp . PLUS Exp
   72    | Exp . PLUS error
   73    | Exp . MINUS Exp
   74    | Exp . MINUS error
   75    | Exp . STAR Exp
   76    | Exp . STAR error
   77    | Exp . DIV Exp
   78    | Exp . DIV error
   87    | Exp . LB Exp RB
   88    | Exp . DOT ID

    ASSIGNOP  偏移，并进入状态 105
    PLUS      偏移，并进入状态 106
    MINUS     偏移，并进入状态 107
    STAR      偏移，并进入状态 108
    DIV       偏移，并进入状态 109
    AND       偏移，并进入状态 110
    OR        偏移，并进入状态 111
    LB        偏移，并进入状态 112
    RELOP     偏移，并进入状态 113
    DOT       偏移，并进入状态 114

    $default  使用规则 62 以归约 (Dec)


状态 154

   45 Stmt: IF LP error RP . Stmt
   47     | IF LP error RP . Stmt ELSE Stmt

    RETURN  偏移，并进入状态 68
    IF      偏移，并进入状态 69
    WHILE   偏移，并进入状态 70
    MINUS   偏移，并进入状态 71
    NOT     偏移，并进入状态 72
    LP      偏移，并进入状态 73
    LC      偏移，并进入状态 30
    INT     偏移，并进入状态 74
    FLOAT   偏移，并进入状态 75
    ID      偏移，并进入状态 76

    CompSt  转到状态 77
    Stmt    转到状态 163
    Exp     转到状态 80


状态 155

   44 Stmt: IF LP Exp RP . Stmt
   46     | IF LP Exp RP . Stmt ELSE Stmt

    RETURN  偏移，并进入状态 68
    IF      偏移，并进入状态 69
    WHILE   偏移，并进入状态 70
    MINUS   偏移，并进入状态 71
    NOT     偏移，并进入状态 72
    LP      偏移，并进入状态 73
    LC      偏移，并进入状态 30
    INT     偏移，并进入状态 74
    FLOAT   偏移，并进入状态 75
    ID      偏移，并进入状态 76

    CompSt  转到状态 77
    Stmt    转到状态 164
    Exp     转到状态 80


状态 156

   51 Stmt: WHILE error RP Stmt .

    $default  使用规则 51 以归约 (Stmt)


状态 157

   49 Stmt: WHILE LP error RP . Stmt

    RETURN  偏移，并进入状态 68
    IF      偏移，并进入状态 69
    WHILE   偏移，并进入状态 70
    MINUS   偏移，并进入状态 71
    NOT     偏移，并进入状态 72
    LP      偏移，并进入状态 73
    LC      偏移，并进入状态 30
    INT     偏移，并进入状态 74
    FLOAT   偏移，并进入状态 75
    ID      偏移，并进入状态 76

    CompSt  转到状态 77
    Stmt    转到状态 165
    Exp     转到状态 80


状态 158

   52 Stmt: WHILE LP error Stmt .

    $default  使用规则 52 以归约 (Stmt)


状态 159

   48 Stmt: WHILE LP Exp RP . Stmt
   50     | WHILE LP Exp RP . error

    error   偏移，并进入状态 166
    RETURN  偏移，并进入状态 68
    IF      偏移，并进入状态 69
    WHILE   偏移，并进入状态 70
    MINUS   偏移，并进入状态 71
    NOT     偏移，并进入状态 72
    LP      偏移，并进入状态 73
    LC      偏移，并进入状态 30
    INT     偏移，并进入状态 74
    FLOAT   偏移，并进入状态 75
    ID      偏移，并进入状态 76

    CompSt  转到状态 77
    Stmt    转到状态 167
    Exp     转到状态 80


状态 160

   92 Args: Exp COMMA . Args
   93     | Exp COMMA . error Args

    error  偏移，并进入状态 168
    MINUS  偏移，并进入状态 71
    NOT    偏移，并进入状态 72
    LP     偏移，并进入状态 73
    INT    偏移，并进入状态 74
    FLOAT  偏移，并进入状态 75
    ID     偏移，并进入状态 76

    Exp   转到状态 131
    Args  转到状态 169


状态 161

   85 Exp: ID LP Args RP .

    $default  使用规则 85 以归约 (Exp)


状态 162

   87 Exp: Exp LB Exp RB .

    $default  使用规则 87 以归约 (Exp)


状态 163

   45 Stmt: IF LP error RP Stmt .
   47     | IF LP error RP Stmt . ELSE Stmt

    ELSE  偏移，并进入状态 170

    $default  使用规则 45 以归约 (Stmt)


状态 164

   44 Stmt: IF LP Exp RP Stmt .
   46     | IF LP Exp RP Stmt . ELSE Stmt

    ELSE  偏移，并进入状态 171

    $default  使用规则 44 以归约 (Stmt)


状态 165

   49 Stmt: WHILE LP error RP Stmt .

    $default  使用规则 49 以归约 (Stmt)


状态 166

   50 Stmt: WHILE LP Exp RP error .

    $default  使用规则 50 以归约 (Stmt)


状态 167

   48 Stmt: WHILE LP Exp RP Stmt .

    $default  使用规则 48 以归约 (Stmt)


状态 168

   93 Args: Exp COMMA error . Args

    MINUS  偏移，并进入状态 71
    NOT    偏移，并进入状态 72
    LP     偏移，并进入状态 73
    INT    偏移，并进入状态 74
    FLOAT  偏移，并进入状态 75
    ID     偏移，并进入状态 76

    Exp   转到状态 131
    Args  转到状态 172


状态 169

   92 Args: Exp COMMA Args .

    $default  使用规则 92 以归约 (Args)


状态 170

   47 Stmt: IF LP error RP Stmt ELSE . Stmt

    RETURN  偏移，并进入状态 68
    IF      偏移，并进入状态 69
    WHILE   偏移，并进入状态 70
    MINUS   偏移，并进入状态 71
    NOT     偏移，并进入状态 72
    LP      偏移，并进入状态 73
    LC      偏移，并进入状态 30
    INT     偏移，并进入状态 74
    FLOAT   偏移，并进入状态 75
    ID      偏移，并进入状态 76

    CompSt  转到状态 77
    Stmt    转到状态 173
    Exp     转到状态 80


状态 171

   46 Stmt: IF LP Exp RP Stmt ELSE . Stmt

    RETURN  偏移，并进入状态 68
    IF      偏移，并进入状态 69
    WHILE   偏移，并进入状态 70
    MINUS   偏移，并进入状态 71
    NOT     偏移，并进入状态 72
    LP      偏移，并进入状态 73
    LC      偏移，并进入状态 30
    INT     偏移，并进入状态 74
    FLOAT   偏移，并进入状态 75
    ID      偏移，并进入状态 76

    CompSt  转到状态 77
    Stmt    转到状态 174
    Exp     转到状态 80


状态 172

   93 Args: Exp COMMA error Args .

    $default  使用规则 93 以归约 (Args)


状态 173

   47 Stmt: IF LP error RP Stmt ELSE Stmt .

    $default  使用规则 47 以归约 (Stmt)


状态 174

   46 Stmt: IF LP Exp RP Stmt ELSE Stmt .

    $default  使用规则 46 以归约 (Stmt)
